Arguments: 
  C:\Program Files\nodejs\node.exe C:\Users\Nayeem\AppData\Roaming\npm\node_modules\yarn\bin\yarn.js add wevpack

PATH: 
  C:\WINDOWS\system32;C:\WINDOWS;C:\WINDOWS\System32\Wbem;C:\WINDOWS\System32\WindowsPowerShell\v1.0\;C:\Program Files\nodejs\;C:\WINDOWS\System32\OpenSSH\;;C:\Program Files\Microsoft VS Code\bin;C:\Users\Nayeem\AppData\Roaming\npm;C:\Users\Nayeem\AppData\Local\Microsoft\WindowsApps;C:\Users\Nayeem\AppData\Local\Programs\Microsoft VS Code\bin

Yarn version: 
  1.15.2

Node version: 
  10.15.3

Platform: 
  win32 x64

Trace: 
  Error: https://registry.yarnpkg.com/wevpack: Not found
      at Request.params.callback [as _callback] (C:\Users\Nayeem\AppData\Roaming\npm\node_modules\yarn\lib\cli.js:66058:18)
      at Request.self.callback (C:\Users\Nayeem\AppData\Roaming\npm\node_modules\yarn\lib\cli.js:129541:22)
      at Request.emit (events.js:189:13)
      at Request.<anonymous> (C:\Users\Nayeem\AppData\Roaming\npm\node_modules\yarn\lib\cli.js:130513:10)
      at Request.emit (events.js:189:13)
      at IncomingMessage.<anonymous> (C:\Users\Nayeem\AppData\Roaming\npm\node_modules\yarn\lib\cli.js:130435:12)
      at Object.onceWrapper (events.js:277:13)
      at IncomingMessage.emit (events.js:194:15)
      at endReadableNT (_stream_readable.js:1125:12)
      at process._tickCallback (internal/process/next_tick.js:63:19)

npm manifest: 
  {
    "name": "new1",
    "version": "1.0.0",
    "main": "app.js",
    "license": "MIT"
  }

yarn manifest: 
  No manifest

Lockfile: 
  No lockfile
